<?xml version="1.0" encoding="UTF-8"?>
<!-- Generated by org.testng.reporters.JUnitReportReporter -->
<testsuite skipped="0" hostname="rajsiddhant21" name="TestClasses.LoginTest" tests="2" failures="0" timestamp="2021-03-01T09:35:29 IST" time="25.572" errors="0">
  <testcase name="testlogin" time="14.930" classname="TestClasses.LoginTest"/>
  <system-out/>
  <testcase name="testlogin" time="10.642" classname="TestClasses.LoginTest"/>
  <system-out/>
</testsuite> <!-- TestClasses.LoginTest -->
