<?xml version="1.0" encoding="UTF-8"?>
<!-- Generated by org.testng.reporters.JUnitReportReporter -->
<testsuite skipped="0" hostname="rajsiddhant21" name="TestClasses.validateNavbar" tests="1" failures="0" timestamp="2021-03-01T09:09:51 IST" time="3.369" errors="0">
  <testcase name="basePageNavigation" time="3.369" classname="TestClasses.validateNavbar"/>
  <system-out/>
</testsuite> <!-- TestClasses.validateNavbar -->
