<?xml version="1.0" encoding="UTF-8"?>
<!-- Generated by org.testng.reporters.JUnitReportReporter -->
<testsuite skipped="0" hostname="rajsiddhant21" name="TestClasses.LoginTest" tests="2" failures="0" timestamp="2021-03-01T10:21:34 IST" time="48.308" errors="0">
  <testcase name="testlogin" time="33.818" classname="TestClasses.LoginTest"/>
  <system-out/>
  <testcase name="testlogin" time="14.490" classname="TestClasses.LoginTest"/>
  <system-out/>
</testsuite> <!-- TestClasses.LoginTest -->
